nohup: ignoring input
Warning message:
In dir.create(output.dir, showWarnings = T, recursive = TRUE) :
  '/home/yinliang/PROJECT/DeepLB/Result/1.3_cal_methylratio_bins/WGBS' already exists
[1] "CTR101"
[1] "CTR103"
[1] "CTR104"
[1] "CTR107"
[1] "CTR108"
[1] "CTR110"
[1] "CTR111"
[1] "CTR113"
[1] "CTR114"
[1] "CTR117"
[1] "CTR118"
[1] "CTR126"
[1] "CTR127"
[1] "CTR128"
[1] "CTR129"
[1] "CTR131"
[1] "CTR132"
[1] "CTR134"
[1] "CTR147"
[1] "CTR148"
[1] "CTR149"
[1] "CTR150"
[1] "CTR151"
[1] "CTR152"
[1] "CTR153"
[1] "CTR154"
[1] "CTR84"
[1] "CTR85"
[1] "CTR86"
[1] "CTR97"
[1] "CTR98"
[1] 36342    31
            [,1]       [,2]        [,3]       [,4]       [,5]        [,6]
[1,] 0.006024096 0.00000000 0.004115226 0.00000000 0.01123596 0.000000000
[2,] 0.929347826 0.93037975 0.968253968 0.93658537 0.98039216 0.950704225
[3,] 0.023041475 0.01395349 0.011363636 0.00000000 0.01829268 0.008928571
[4,] 0.111111111 0.03636364 0.200000000 0.04545455 0.13513514 0.230769231
[5,] 0.000000000 0.00000000 0.009259259 0.00000000 0.00000000 0.000000000
[6,] 0.958333333 0.97402597 0.985294118 0.92207792 0.96000000 0.979591837
            [,7]       [,8]       [,9]      [,10]     [,11]      [,12]
[1,] 0.000000000 0.00000000 0.00000000 0.00000000 0.0000000 0.00000000
[2,] 0.981220657 0.90000000 0.93902439 0.92631579 0.9462366 0.92045455
[3,] 0.009646302 0.05769231 0.00862069 0.00591716 0.0000000 0.01470588
[4,] 0.088888889 0.12500000 0.20833333 0.20512821 0.1666667 0.42105263
[5,] 0.000000000 0.00000000 0.00000000 0.00000000 0.0000000 0.00000000
[6,] 1.000000000 0.88636364 0.92105263 1.00000000 0.9444444 1.00000000
         [,13]      [,14]      [,15]     [,16]      [,17]     [,18]      [,19]
[1,] 0.0000000 0.00000000 0.00000000 0.0000000 0.00000000 0.0000000 0.00000000
[2,] 0.9797980 0.88571429 0.93430657 0.9655172 0.93684211 0.9444444 0.93922652
[3,] 0.0000000 0.03478261 0.03311258 0.0000000 0.00000000 0.0000000 0.03267974
[4,] 0.1666667 0.10000000 0.32558140 0.0000000 0.05882353 0.2444444 0.15789474
[5,] 0.0000000 0.00000000 0.00000000 0.0000000 0.00000000 0.0080000 0.02500000
[6,] 0.9565217 0.91666667 0.97368421 1.0000000 1.00000000 0.9302326 1.00000000
           [,20]       [,21]       [,22]       [,23]       [,24]       [,25]
[1,] 0.003984064 0.000000000 0.004366812 0.004329004 0.000000000 0.000000000
[2,] 0.961373391 0.934306569 0.951923077 0.915094340 0.869863014 0.917721519
[3,] 0.005076142 0.010169492 0.015037594 0.012738854 0.005952381 0.024242424
[4,] 0.125000000 0.206349206 0.208333333 0.250000000 0.292682927 0.204081633
[5,] 0.017543860 0.006369427 0.000000000 0.009708738 0.000000000 0.007575758
[6,] 0.931034483 0.959595960 0.918367347 0.923076923 0.978260870 0.988505747
          [,26]      [,27]       [,28]      [,29]       [,30]       [,31]
[1,] 0.00000000 0.00000000 0.000000000 0.00000000 0.000000000 0.003484321
[2,] 0.92543860 0.90625000 0.899082569 0.90625000 0.909657321 0.926530612
[3,] 0.00621118 0.01824818 0.011396011 0.02397260 0.006688963 0.015444015
[4,] 0.11627907 0.15000000 0.147540984 0.14876033 0.287234043 0.089552239
[5,] 0.00000000 0.00000000 0.007518797 0.02173913 0.000000000 0.000000000
[6,] 0.93670886 0.97468354 0.933333333 0.97500000 0.937888199 0.932584270
